Arguments: 
  /Users/thejoker/.nvm/versions/node/v10.4.1/bin/node /usr/local/bin/yarn peer

PATH: 
  /usr/local/opt/openssl/bin:/Users/thejoker/.nvm/versions/node/v10.4.1/bin:/usr/local/opt/postgresql@9.6/bin:/usr/local/bin:/usr/bin:/bin:/usr/sbin:/sbin:/usr/local/share/dotnet:/Library/Frameworks/Mono.framework/Versions/Current/Commands:/Applications/Xamarin Workbooks.app/Contents/SharedSupport/path-bin:/Users/thejoker/.rvm/bin:/Users/thejoker/.rvm/bin

Yarn version: 
  1.5.1

Node version: 
  10.4.1

Platform: 
  darwin x64

npm manifest: 
  {
    "name": "@dwebs/peer",
    "version": "0.1.1",
    "description": "Peer-to-Peer WebRTC-based Video, Voice and Data Channels For The dWeb",
    "contributors": [
      "Jared Rice Sr. <jared@dwebs.io>",
      "Distributed Webs Project, LLC. <labs@distributedwebs.org>"
    ],
    "license": "MIT",
    "main": "index.js",
    "browser": {
      "wrtc": false
    },
    "scripts": {
      "test": "standard && npm run test-node && npm run test-browser",
      "test-browser": "zuul -- test/*.js",
      "test-browser-local": "zuul --local -- test/*.js",
      "test-node": "tape test/*.js",
      "build": "browserify -s dWebPeer -r ./ | uglifyjs -m > dweb-peer.min.js"
    },
    "testling": {
      "files": "test/*.js"
    },
    "dependencies": {
      "debug": "^2.1.0",
      "hat": "0.0.3",
      "inherits": "^2.0.1",
      "is-typedarray": "0.0.0",
      "once": "^1.3.1",
      "typedarray-to-buffer": "^3.0.0",
      "xtend": "^4.0.0"
    },
    "devDependencies": {
      "@dwcore/dws-chain": "dwcore/dws-chain#master",
      "browserify": "^9.0.3",
      "standard": "^3.1.2",
      "string-to-stream": "^1.0.0",
      "tape": "^4.0.0",
      "uglify-js": "^2.4.15",
      "zuul": "^2.1.1"
    },
    "optionalDependencies": {
      "@flockcore/web-rtc": "flockcore/web-rtc#master"
    },
    "publishConfig": {
      "access": "public"
    }
  }

yarn manifest: 
  No manifest

Lockfile: 
  No lockfile

Trace: 
  Error: Command "peer" not found.
      at new MessageError (/usr/local/lib/node_modules/yarn/lib/cli.js:186:110)
      at /usr/local/lib/node_modules/yarn/lib/cli.js:87307:17
      at Generator.next (<anonymous>)
      at step (/usr/local/lib/node_modules/yarn/lib/cli.js:98:30)
      at /usr/local/lib/node_modules/yarn/lib/cli.js:116:14
      at new Promise (<anonymous>)
      at new F (/usr/local/lib/node_modules/yarn/lib/cli.js:23451:28)
      at /usr/local/lib/node_modules/yarn/lib/cli.js:95:12
      at runCommand (/usr/local/lib/node_modules/yarn/lib/cli.js:87312:22)
      at Object.<anonymous> (/usr/local/lib/node_modules/yarn/lib/cli.js:87412:14)
